<?xml version="1.0" encoding="UTF-8"?>
<!-- Generated by org.testng.reporters.JUnitReportReporter -->
<testsuite hostname="DESKTOP-BHVDRH8" failures="0" tests="1" name="com.mecury.tests.LoginMecury" time="33.021" errors="0" timestamp="06 Apr 2020 18:37:09 GMT" skipped="0">
  <testcase classname="com.mecury.tests.LoginMecury" name="TestLogin" time="33.021"/>
</testsuite> <!-- com.mecury.tests.LoginMecury -->
