<?xml version="1.0" encoding="UTF-8"?>
<!-- Generated by org.testng.reporters.JUnitReportReporter -->
<testsuite hostname="LAP01231s-MacBook-Pro.local" failures="0" tests="1" name="com.mecury.tests.LoginMecury" time="10.469" errors="0" timestamp="06 Apr 2020 18:18:00 GMT" skipped="0">
  <testcase classname="com.mecury.tests.LoginMecury" name="TestLogin" time="10.469"/>
</testsuite> <!-- com.mecury.tests.LoginMecury -->
